2 276 -27.6240276382 1.8546459389999999
3 2024 -35.6653185565 2.4764716367
4 10626 -41.6864513668 2.6689003108
5 42504 -47.0662548978 2.7816854267
6 134596 -52.2493104853 2.8670207626
7 346104 -54.1351428656 2.9355381158
8 735471 -55.925811267 3.0019219836999995
9 1307504 -57.587136581 3.0488580763999997
10 1961256 -59.188383011 3.0737276573
11 2496144 -60.5478680791 3.0845087029
12 2704156 -61.9008713354 3.094019484
13 2496144 -62.805923453 3.1358880427
14 1961256 -63.6577513614 3.1963806929999996
15 1307504 -64.3102435734 3.3369346185
16 735471 -63.3036843526 3.8331929012
17 346104 -60.0749592413 4.1509487896
18 134596 -56.0412505957 4.3014495550000005
19 42504 -49.4940288358 4.3598448889
20 10626 -42.8649628559 4.4255612211
21 2024 -36.0577997822 4.515672994600001
22 276 -28.9907407061 4.6599457868
